 
****************************************
Report : area
Design : FIR_Fliter
Version: K-2015.06
Date   : Fri Aug  2 23:54:45 2024
****************************************

Library(s) Used:

    scmetro_tsmc_cl013g_rvt_ss_1p08v_125c (File: /home/IC/Projects/FIR/std_cells/scmetro_tsmc_cl013g_rvt_ss_1p08v_125c.db)

Number of ports:                          362
Number of nets:                           741
Number of cells:                          376
Number of combinational cells:            134
Number of sequential cells:               237
Number of macros/black boxes:               0
Number of buf/inv:                         32
Number of references:                       8

Combinational area:               3115.901616
Buf/Inv area:                      169.444805
Noncombinational area:            4913.899017
Macro/Black Box area:                0.000000
Net Interconnect area:          113680.502655

Total cell area:                  8029.800633
Total area:                     121710.303288

Hierarchical area distribution
------------------------------

                                  Global cell area          Local cell area
                                  ------------------  ---------------------------- 
Hierarchical cell                 Absolute   Percent  Combi-     Noncombi-  Black-
                                  Total      Total    national   national   boxes   Design
--------------------------------  ---------  -------  ---------  ---------  ------  ---------------------
FIR_Fliter                        8029.8006    100.0   169.4448  4913.8990  0.0000  FIR_Fliter
add_113                           1017.8455     12.7  1017.8455     0.0000  0.0000  FIR_Fliter_DW01_add_3
add_114                           1017.8455     12.7  1017.8455     0.0000  0.0000  FIR_Fliter_DW01_add_2
add_120                            883.7017     11.0   883.7017     0.0000  0.0000  FIR_Fliter_DW01_add_1
mux_clk                             15.2971      0.2    15.2971     0.0000  0.0000  mux2X1_1
mux_reset                           11.7670      0.1    11.7670     0.0000  0.0000  mux2X1_0
--------------------------------  ---------  -------  ---------  ---------  ------  ---------------------
Total                                                 3115.9016  4913.8990  0.0000

1
