###############################################################
#  Generated by:      Cadence First Encounter 08.10-p004_1
#  OS:                Linux x86_64(Host ID 192.168.52.129)
#  Generated on:      Fri Aug  2 23:57:37 2024
#  Command:           verifyGeometry -noMinArea
###############################################################

SHORT: Special Via of Net VDD & IOPin of Net Signal_Noise[12]  ( M3 )
Bounds : ( 0.205, 60.785 ) ( 0.720, 60.825 )


SHORT: Special Via of Net VDD & IOPin of Net Signal_Noise[11]  ( M5 )
Bounds : ( 0.205, 60.785 ) ( 0.720, 60.825 )


SHORT: Special Via of Net VDD & IOPin of Net Fliter_Signal[11]  ( M3 )
Bounds : ( 0.205, 20.355 ) ( 0.720, 20.395 )



Begin Summary ...
  Cells       : 0
  SameNet     : 0
  Wiring      : 0
  Antenna     : 0
  Short       : 3
  Overlap     : 0
End Summary

  Total Violations : 3 Viols.
