In mode: Internal_scan...
  Design has scan chains in this mode
  Design is scan routed
  Post-DFT DRC enabled

Information: Starting test design rule checking. (TEST-222)
  Loading test protocol
  ...basic checks...
  ...basic sequential cell checks...
  ...checking vector rules...
  ...checking clock rules...
  ...checking scan chain rules...
  ...checking scan compression rules...
  ...checking X-state rules...
  ...checking tristate rules...
  ...extracting scan details...

-----------------------------------------------------------------
  DRC Report

  Total violations: 0

-----------------------------------------------------------------


Test Design rule checking did not find violations

-----------------------------------------------------------------
  Sequential Cell Report

  0 out of 232 sequential cells have violations

-----------------------------------------------------------------

SEQUENTIAL CELLS WITHOUT VIOLATIONS
      * 232 cells are valid scan cells

Information: Test design rule checking completed. (TEST-123)
  Running test coverage estimation...
 3690 faults were added to fault list.
 0            1630     55         0/0/0    98.20%      0.01
 0              54      1         0/0/0    99.79%      0.01
 0               1      0         0/0/0    99.82%      0.01
 
            Pattern Summary Report
 -----------------------------------------------
 #internal patterns                           0
 -----------------------------------------------
 

     Uncollapsed Stuck Fault Summary Report
 -----------------------------------------------
 fault class                     code   #faults
 ------------------------------  ----  ---------
 Detected                         DT       3386
 Possibly detected                PT          0
 Undetectable                     UD        298
 ATPG untestable                  AU          6
 Not detected                     ND          0
 -----------------------------------------------
 total faults                              3690
 test coverage                            99.82%
 -----------------------------------------------
  Information: The test coverage above may be inferior
               than the real test coverage with customized
               protocol and test simulation library.
1
