 
****************************************
Report : port
Design : FIR_Fliter
Version: K-2015.06
Date   : Sat Aug  3 03:45:50 2024
****************************************



Attributes:
    d - dont_touch_network

                       Pin      Wire     Max     Max     Connection
Port           Dir     Load     Load     Trans   Cap     Class      Attrs
--------------------------------------------------------------------------------
CLK            in      0.0000   0.0000   --      --      --         d
SE             in      0.0000   0.0000   --      --      --         
SI             in      0.0000   0.0000   --      --      --         
Signal_Noise[0]
               in      0.0000   0.0000    1.50    0.55   --         
Signal_Noise[1]
               in      0.0000   0.0000    1.50    0.55   --         
Signal_Noise[2]
               in      0.0000   0.0000    1.50    0.55   --         
Signal_Noise[3]
               in      0.0000   0.0000    1.50    0.55   --         
Signal_Noise[4]
               in      0.0000   0.0000    1.50    0.55   --         
Signal_Noise[5]
               in      0.0000   0.0000    1.50    0.55   --         
Signal_Noise[6]
               in      0.0000   0.0000    1.50    0.55   --         
Signal_Noise[7]
               in      0.0000   0.0000    1.50    0.55   --         
Signal_Noise[8]
               in      0.0000   0.0000    1.50    0.55   --         
Signal_Noise[9]
               in      0.0000   0.0000    1.50    0.55   --         
Signal_Noise[10]
               in      0.0000   0.0000    1.50    0.55   --         
Signal_Noise[11]
               in      0.0000   0.0000    1.50    0.55   --         
Signal_Noise[12]
               in      0.0000   0.0000    1.50    0.55   --         
Signal_Noise[13]
               in      0.0000   0.0000    1.50    0.55   --         
Signal_Noise[14]
               in      0.0000   0.0000    1.50    0.55   --         
Signal_Noise[15]
               in      0.0000   0.0000    1.50    0.55   --         
scan_clk       in      0.0000   0.0000   --      --      --         
scan_rst       in      0.0000   0.0000   --      --      --         
test_mode      in      0.0000   0.0000   --      --      --         
Fliter_Signal[0]
               out     0.5000   0.0000   --      --      --         
Fliter_Signal[1]
               out     0.5000   0.0000   --      --      --         
Fliter_Signal[2]
               out     0.5000   0.0000   --      --      --         
Fliter_Signal[3]
               out     0.5000   0.0000   --      --      --         
Fliter_Signal[4]
               out     0.5000   0.0000   --      --      --         
Fliter_Signal[5]
               out     0.5000   0.0000   --      --      --         
Fliter_Signal[6]
               out     0.5000   0.0000   --      --      --         
Fliter_Signal[7]
               out     0.5000   0.0000   --      --      --         
Fliter_Signal[8]
               out     0.5000   0.0000   --      --      --         
Fliter_Signal[9]
               out     0.5000   0.0000   --      --      --         
Fliter_Signal[10]
               out     0.5000   0.0000   --      --      --         
Fliter_Signal[11]
               out     0.5000   0.0000   --      --      --         
Fliter_Signal[12]
               out     0.5000   0.0000   --      --      --         
Fliter_Signal[13]
               out     0.5000   0.0000   --      --      --         
Fliter_Signal[14]
               out     0.5000   0.0000   --      --      --         
Fliter_Signal[15]
               out     0.5000   0.0000   --      --      --         
SO             out     0.0000   0.0000   --      --      --         

1
