Info:  Net Ref:/WORK/FIR_Fliter/RST is undriven.
Info:  Net Ref:/WORK/FIR_Fliter/sum_1[2][33] is undriven.
Info:  Net Ref:/WORK/FIR_Fliter/sum_1[2][32] is undriven.
Info:  Net Ref:/WORK/FIR_Fliter/sum_1[2][31] is undriven.
Info:  Net Ref:/WORK/FIR_Fliter/sum_1[2][30] is undriven.
Info:  Net Ref:/WORK/FIR_Fliter/sum_1[2][29] is undriven.
Info:  Net Ref:/WORK/FIR_Fliter/sum_1[2][28] is undriven.
Info:  Net Ref:/WORK/FIR_Fliter/sum_1[2][27] is undriven.
Info:  Net Ref:/WORK/FIR_Fliter/sum_1[2][26] is undriven.
Info:  Net Ref:/WORK/FIR_Fliter/sum_1[2][25] is undriven.
Info:  Net Ref:/WORK/FIR_Fliter/sum_1[2][24] is undriven.
Info:  Net Ref:/WORK/FIR_Fliter/sum_1[2][23] is undriven.
Info:  Net Ref:/WORK/FIR_Fliter/sum_1[2][22] is undriven.
Info:  Net Ref:/WORK/FIR_Fliter/sum_1[2][21] is undriven.
Info:  Net Ref:/WORK/FIR_Fliter/sum_1[2][20] is undriven.
Info:  Net Ref:/WORK/FIR_Fliter/sum_1[2][19] is undriven.
Info:  Net Ref:/WORK/FIR_Fliter/sum_1[2][18] is undriven.
Info:  Net Ref:/WORK/FIR_Fliter/sum_1[2][17] is undriven.
Info:  Net Ref:/WORK/FIR_Fliter/sum_1[2][16] is undriven.
Info:  Net Ref:/WORK/FIR_Fliter/sum_1[2][15] is undriven.
Info:  Net Ref:/WORK/FIR_Fliter/sum_1[2][14] is undriven.
Info:  Net Ref:/WORK/FIR_Fliter/sum_1[2][13] is undriven.
Info:  Net Ref:/WORK/FIR_Fliter/sum_1[2][12] is undriven.
Info:  Net Ref:/WORK/FIR_Fliter/sum_1[2][11] is undriven.
Info:  Net Ref:/WORK/FIR_Fliter/sum_1[2][10] is undriven.
Info:  Net Ref:/WORK/FIR_Fliter/sum_1[2][9] is undriven.
Info:  Net Ref:/WORK/FIR_Fliter/sum_1[2][8] is undriven.
Info:  Net Ref:/WORK/FIR_Fliter/sum_1[2][7] is undriven.
Info:  Net Ref:/WORK/FIR_Fliter/sum_1[2][6] is undriven.
Info:  Net Ref:/WORK/FIR_Fliter/sum_1[2][5] is undriven.
Info:  Net Ref:/WORK/FIR_Fliter/sum_1[2][4] is undriven.
Info:  Net Ref:/WORK/FIR_Fliter/sum_1[2][3] is undriven.
Info:  Net Ref:/WORK/FIR_Fliter/sum_1[2][2] is undriven.
Info:  Net Ref:/WORK/FIR_Fliter/sum_1[2][1] is undriven.
Info:  Net Ref:/WORK/FIR_Fliter/sum_1[2][0] is undriven.
Info:  Net Ref:/WORK/FIR_Fliter/coeff[0][15] is undriven.
Info:  Net Ref:/WORK/FIR_Fliter/coeff[0][14] is undriven.
Info:  Net Ref:/WORK/FIR_Fliter/coeff[0][13] is undriven.
Info:  Net Ref:/WORK/FIR_Fliter/coeff[0][12] is undriven.
Info:  Net Ref:/WORK/FIR_Fliter/coeff[0][11] is undriven.
Info:  Net Ref:/WORK/FIR_Fliter/coeff[0][10] is undriven.
Info:  Net Ref:/WORK/FIR_Fliter/coeff[0][9] is undriven.
Info:  Net Ref:/WORK/FIR_Fliter/coeff[0][8] is undriven.
Info:  Net Ref:/WORK/FIR_Fliter/coeff[0][7] is undriven.
Info:  Net Ref:/WORK/FIR_Fliter/coeff[0][6] is undriven.
Info:  Net Ref:/WORK/FIR_Fliter/coeff[0][5] is undriven.
Info:  Net Ref:/WORK/FIR_Fliter/coeff[0][4] is undriven.
Info:  Net Ref:/WORK/FIR_Fliter/coeff[0][3] is undriven.
Info:  Net Ref:/WORK/FIR_Fliter/coeff[0][2] is undriven.
Info:  Net Ref:/WORK/FIR_Fliter/coeff[0][1] is undriven.
Info:  Net Ref:/WORK/FIR_Fliter/coeff[0][0] is undriven.
Info:  Net Ref:/WORK/FIR_Fliter/coeff[1][15] is undriven.
Info:  Net Ref:/WORK/FIR_Fliter/coeff[1][14] is undriven.
Info:  Net Ref:/WORK/FIR_Fliter/coeff[1][13] is undriven.
Info:  Net Ref:/WORK/FIR_Fliter/coeff[1][12] is undriven.
Info:  Net Ref:/WORK/FIR_Fliter/coeff[1][11] is undriven.
Info:  Net Ref:/WORK/FIR_Fliter/coeff[1][10] is undriven.
Info:  Net Ref:/WORK/FIR_Fliter/coeff[1][9] is undriven.
Info:  Net Ref:/WORK/FIR_Fliter/coeff[1][8] is undriven.
Info:  Net Ref:/WORK/FIR_Fliter/coeff[1][7] is undriven.
Info:  Net Ref:/WORK/FIR_Fliter/coeff[1][6] is undriven.
Info:  Net Ref:/WORK/FIR_Fliter/coeff[1][5] is undriven.
Info:  Net Ref:/WORK/FIR_Fliter/coeff[1][4] is undriven.
Info:  Net Ref:/WORK/FIR_Fliter/coeff[1][3] is undriven.
Info:  Net Ref:/WORK/FIR_Fliter/coeff[1][2] is undriven.
Info:  Net Ref:/WORK/FIR_Fliter/coeff[1][1] is undriven.
Info:  Net Ref:/WORK/FIR_Fliter/coeff[1][0] is undriven.
Info:  Net Ref:/WORK/FIR_Fliter/coeff[2][15] is undriven.
Info:  Net Ref:/WORK/FIR_Fliter/coeff[2][14] is undriven.
Info:  Net Ref:/WORK/FIR_Fliter/coeff[2][13] is undriven.
Info:  Net Ref:/WORK/FIR_Fliter/coeff[2][12] is undriven.
Info:  Net Ref:/WORK/FIR_Fliter/coeff[2][11] is undriven.
Info:  Net Ref:/WORK/FIR_Fliter/coeff[2][10] is undriven.
Info:  Net Ref:/WORK/FIR_Fliter/coeff[2][9] is undriven.
Info:  Net Ref:/WORK/FIR_Fliter/coeff[2][8] is undriven.
Info:  Net Ref:/WORK/FIR_Fliter/coeff[2][7] is undriven.
Info:  Net Ref:/WORK/FIR_Fliter/coeff[2][6] is undriven.
Info:  Net Ref:/WORK/FIR_Fliter/coeff[2][5] is undriven.
Info:  Net Ref:/WORK/FIR_Fliter/coeff[2][4] is undriven.
Info:  Net Ref:/WORK/FIR_Fliter/coeff[2][3] is undriven.
Info:  Net Ref:/WORK/FIR_Fliter/coeff[2][2] is undriven.
Info:  Net Ref:/WORK/FIR_Fliter/coeff[2][1] is undriven.
Info:  Net Ref:/WORK/FIR_Fliter/coeff[2][0] is undriven.
Info:  Net Ref:/WORK/FIR_Fliter/coeff[3][15] is undriven.
Info:  Net Ref:/WORK/FIR_Fliter/coeff[3][14] is undriven.
Info:  Net Ref:/WORK/FIR_Fliter/coeff[3][13] is undriven.
Info:  Net Ref:/WORK/FIR_Fliter/coeff[3][12] is undriven.
Info:  Net Ref:/WORK/FIR_Fliter/coeff[3][11] is undriven.
Info:  Net Ref:/WORK/FIR_Fliter/coeff[3][10] is undriven.
Info:  Net Ref:/WORK/FIR_Fliter/coeff[3][9] is undriven.
Info:  Net Ref:/WORK/FIR_Fliter/coeff[3][8] is undriven.
Info:  Net Ref:/WORK/FIR_Fliter/coeff[3][7] is undriven.
Info:  Net Ref:/WORK/FIR_Fliter/coeff[3][6] is undriven.
Info:  Net Ref:/WORK/FIR_Fliter/coeff[3][5] is undriven.
Info:  Net Ref:/WORK/FIR_Fliter/coeff[3][4] is undriven.
Info:  Net Ref:/WORK/FIR_Fliter/coeff[3][3] is undriven.
Info:  Net Ref:/WORK/FIR_Fliter/coeff[3][2] is undriven.
Info:  Net Ref:/WORK/FIR_Fliter/coeff[3][1] is undriven.
Info:  Net Ref:/WORK/FIR_Fliter/coeff[3][0] is undriven.
Info:  Net Ref:/WORK/FIR_Fliter/coeff[4][15] is undriven.
Info:  Net Ref:/WORK/FIR_Fliter/coeff[4][14] is undriven.
Info:  Net Ref:/WORK/FIR_Fliter/coeff[4][13] is undriven.
Info:  Net Ref:/WORK/FIR_Fliter/coeff[4][12] is undriven.
Info:  Net Ref:/WORK/FIR_Fliter/coeff[4][11] is undriven.
Info:  Net Ref:/WORK/FIR_Fliter/coeff[4][10] is undriven.
Info:  Net Ref:/WORK/FIR_Fliter/coeff[4][9] is undriven.
Info:  Net Ref:/WORK/FIR_Fliter/coeff[4][8] is undriven.
Info:  Net Ref:/WORK/FIR_Fliter/coeff[4][7] is undriven.
Info:  Net Ref:/WORK/FIR_Fliter/coeff[4][6] is undriven.
Info:  Net Ref:/WORK/FIR_Fliter/coeff[4][5] is undriven.
Info:  Net Ref:/WORK/FIR_Fliter/coeff[4][4] is undriven.
Info:  Net Ref:/WORK/FIR_Fliter/coeff[4][3] is undriven.
Info:  Net Ref:/WORK/FIR_Fliter/coeff[4][2] is undriven.
Info:  Net Ref:/WORK/FIR_Fliter/coeff[4][1] is undriven.
Info:  Net Ref:/WORK/FIR_Fliter/coeff[4][0] is undriven.
Info:  Net Ref:/WORK/FIR_Fliter/coeff[5][15] is undriven.
Info:  Net Ref:/WORK/FIR_Fliter/coeff[5][14] is undriven.
Info:  Net Ref:/WORK/FIR_Fliter/coeff[5][13] is undriven.
Info:  Net Ref:/WORK/FIR_Fliter/coeff[5][12] is undriven.
Info:  Net Ref:/WORK/FIR_Fliter/coeff[5][11] is undriven.
Info:  Net Ref:/WORK/FIR_Fliter/coeff[5][10] is undriven.
Info:  Net Ref:/WORK/FIR_Fliter/coeff[5][9] is undriven.
Info:  Net Ref:/WORK/FIR_Fliter/coeff[5][8] is undriven.
Info:  Net Ref:/WORK/FIR_Fliter/coeff[5][7] is undriven.
Info:  Net Ref:/WORK/FIR_Fliter/coeff[5][6] is undriven.
Info:  Net Ref:/WORK/FIR_Fliter/coeff[5][5] is undriven.
Info:  Net Ref:/WORK/FIR_Fliter/coeff[5][4] is undriven.
Info:  Net Ref:/WORK/FIR_Fliter/coeff[5][3] is undriven.
Info:  Net Ref:/WORK/FIR_Fliter/coeff[5][2] is undriven.
Info:  Net Ref:/WORK/FIR_Fliter/coeff[5][1] is undriven.
Info:  Net Ref:/WORK/FIR_Fliter/coeff[5][0] is undriven.
Info:  Net Ref:/WORK/FIR_Fliter/coeff[6][15] is undriven.
Info:  Net Ref:/WORK/FIR_Fliter/coeff[6][14] is undriven.
Info:  Net Ref:/WORK/FIR_Fliter/coeff[6][13] is undriven.
Info:  Net Ref:/WORK/FIR_Fliter/coeff[6][12] is undriven.
Info:  Net Ref:/WORK/FIR_Fliter/coeff[6][11] is undriven.
Info:  Net Ref:/WORK/FIR_Fliter/coeff[6][10] is undriven.
Info:  Net Ref:/WORK/FIR_Fliter/coeff[6][9] is undriven.
Info:  Net Ref:/WORK/FIR_Fliter/coeff[6][8] is undriven.
Info:  Net Ref:/WORK/FIR_Fliter/coeff[6][7] is undriven.
Info:  Net Ref:/WORK/FIR_Fliter/coeff[6][6] is undriven.
Info:  Net Ref:/WORK/FIR_Fliter/coeff[6][5] is undriven.
Info:  Net Ref:/WORK/FIR_Fliter/coeff[6][4] is undriven.
Info:  Net Ref:/WORK/FIR_Fliter/coeff[6][3] is undriven.
Info:  Net Ref:/WORK/FIR_Fliter/coeff[6][2] is undriven.
Info:  Net Ref:/WORK/FIR_Fliter/coeff[6][1] is undriven.
Info:  Net Ref:/WORK/FIR_Fliter/coeff[6][0] is undriven.
Info:  Net Ref:/WORK/FIR_Fliter/coeff[7][15] is undriven.
Info:  Net Ref:/WORK/FIR_Fliter/coeff[7][14] is undriven.
Info:  Net Ref:/WORK/FIR_Fliter/coeff[7][13] is undriven.
Info:  Net Ref:/WORK/FIR_Fliter/coeff[7][12] is undriven.
Info:  Net Ref:/WORK/FIR_Fliter/coeff[7][11] is undriven.
Info:  Net Ref:/WORK/FIR_Fliter/coeff[7][10] is undriven.
Info:  Net Ref:/WORK/FIR_Fliter/coeff[7][9] is undriven.
Info:  Net Ref:/WORK/FIR_Fliter/coeff[7][8] is undriven.
Info:  Net Ref:/WORK/FIR_Fliter/coeff[7][7] is undriven.
Info:  Net Ref:/WORK/FIR_Fliter/coeff[7][6] is undriven.
Info:  Net Ref:/WORK/FIR_Fliter/coeff[7][5] is undriven.
Info:  Net Ref:/WORK/FIR_Fliter/coeff[7][4] is undriven.
Info:  Net Ref:/WORK/FIR_Fliter/coeff[7][3] is undriven.
Info:  Net Ref:/WORK/FIR_Fliter/coeff[7][2] is undriven.
Info:  Net Ref:/WORK/FIR_Fliter/coeff[7][1] is undriven.
Info:  Net Ref:/WORK/FIR_Fliter/coeff[7][0] is undriven.
Info:  Net Ref:/WORK/FIR_Fliter/coeff[8][15] is undriven.
Info:  Net Ref:/WORK/FIR_Fliter/coeff[8][14] is undriven.
Info:  Net Ref:/WORK/FIR_Fliter/coeff[8][13] is undriven.
Info:  Net Ref:/WORK/FIR_Fliter/coeff[8][12] is undriven.
Info:  Net Ref:/WORK/FIR_Fliter/coeff[8][11] is undriven.
Info:  Net Ref:/WORK/FIR_Fliter/coeff[8][10] is undriven.
Info:  Net Ref:/WORK/FIR_Fliter/coeff[8][9] is undriven.
Info:  Net Ref:/WORK/FIR_Fliter/coeff[8][8] is undriven.
Info:  Net Ref:/WORK/FIR_Fliter/coeff[8][7] is undriven.
Info:  Net Ref:/WORK/FIR_Fliter/coeff[8][6] is undriven.
Info:  Net Ref:/WORK/FIR_Fliter/coeff[8][5] is undriven.
Info:  Net Ref:/WORK/FIR_Fliter/coeff[8][4] is undriven.
Info:  Net Ref:/WORK/FIR_Fliter/coeff[8][3] is undriven.
Info:  Net Ref:/WORK/FIR_Fliter/coeff[8][2] is undriven.
Info:  Net Ref:/WORK/FIR_Fliter/coeff[8][1] is undriven.
Info:  Net Ref:/WORK/FIR_Fliter/coeff[8][0] is undriven.
Info:  Net Ref:/WORK/FIR_Fliter/SO is undriven.
Info:  Net Imp:/WORK/FIR_Fliter/SO is undriven.
Info:  Net Imp:/WORK/FIR_Fliter_DW01_add_1/SUM[34] is undriven.
Info:  Net Imp:/WORK/FIR_Fliter_DW01_add_1/SUM[33] is undriven.
Info:  Net Imp:/WORK/FIR_Fliter_DW01_add_1/SUM[32] is undriven.
Info:  Net Imp:/WORK/FIR_Fliter_DW01_add_1/SUM[31] is undriven.
Info:  Net Imp:/WORK/FIR_Fliter_DW01_add_1/SUM[30] is undriven.
Info:  Net Imp:/WORK/FIR_Fliter_DW01_add_1/SUM[13] is undriven.
Info:  Net Imp:/WORK/FIR_Fliter_DW01_add_1/SUM[12] is undriven.
Info:  Net Imp:/WORK/FIR_Fliter_DW01_add_1/SUM[11] is undriven.
Info:  Net Imp:/WORK/FIR_Fliter_DW01_add_1/SUM[10] is undriven.
Info:  Net Imp:/WORK/FIR_Fliter_DW01_add_1/SUM[9] is undriven.
Info:  Net Imp:/WORK/FIR_Fliter_DW01_add_1/SUM[8] is undriven.
Info:  Net Imp:/WORK/FIR_Fliter_DW01_add_1/SUM[7] is undriven.
Info:  Net Imp:/WORK/FIR_Fliter_DW01_add_1/SUM[6] is undriven.
Info:  Net Imp:/WORK/FIR_Fliter_DW01_add_1/SUM[5] is undriven.
Info:  Net Imp:/WORK/FIR_Fliter_DW01_add_1/SUM[4] is undriven.
Info:  Net Imp:/WORK/FIR_Fliter_DW01_add_1/SUM[3] is undriven.
Info:  Net Imp:/WORK/FIR_Fliter_DW01_add_1/SUM[2] is undriven.
Info:  Net Imp:/WORK/FIR_Fliter_DW01_add_1/SUM[1] is undriven.
Info:  Net Imp:/WORK/FIR_Fliter_DW01_add_1/SUM[0] is undriven.
Info:  Net Imp:/WORK/FIR_Fliter_DW01_add_1/CO is undriven.
Info:  Net Imp:/WORK/FIR_Fliter_DW01_add_2/CO is undriven.
Info:  Net Imp:/WORK/FIR_Fliter_DW01_add_3/CO is undriven.
Info:  guide_uniquify 189 (Line: 1259)  Cannot find object "dp_cluster_0/mult_98" in design 'FIR_Fliter'.
Info:  SVF Operation 189 (Line: 1259) - uniquify.  Status: rejected
Info:  guide_uniquify 190 (Line: 1263)  Cannot find object "dp_cluster_0/mult_98_I2" in design 'FIR_Fliter'.
Info:  SVF Operation 190 (Line: 1263) - uniquify.  Status: rejected
Info:  guide_uniquify 191 (Line: 1267)  Cannot find object "dp_cluster_0/mult_98_I3" in design 'FIR_Fliter'.
Info:  SVF Operation 191 (Line: 1267) - uniquify.  Status: rejected
Info:  guide_uniquify 192 (Line: 1271)  Cannot find object "dp_cluster_0/mult_98_I4" in design 'FIR_Fliter'.
Info:  SVF Operation 192 (Line: 1271) - uniquify.  Status: rejected
Info:  guide_uniquify 193 (Line: 1275)  Cannot find object "dp_cluster_0/mult_98_I5" in design 'FIR_Fliter'.
Info:  SVF Operation 193 (Line: 1275) - uniquify.  Status: rejected
Info:  guide_uniquify 194 (Line: 1279)  Cannot find object "dp_cluster_0/mult_98_I6" in design 'FIR_Fliter'.
Info:  SVF Operation 194 (Line: 1279) - uniquify.  Status: rejected
Info:  guide_uniquify 195 (Line: 1283)  Cannot find object "dp_cluster_0/mult_98_I7" in design 'FIR_Fliter'.
Info:  SVF Operation 195 (Line: 1283) - uniquify.  Status: rejected
Info:  guide_uniquify 196 (Line: 1287)  Cannot find object "dp_cluster_0/mult_98_I8" in design 'FIR_Fliter'.
Info:  Pre-verification of Ref:/WORK/FIR_Fliter/mult_98 SUCCEEDED.
Info:  Pre-verification of Ref:/WORK/FIR_Fliter/mult_98_I2 SUCCEEDED.
Info:  Pre-verification of Ref:/WORK/FIR_Fliter/mult_98_I3 SUCCEEDED.
Info:  Pre-verification of Ref:/WORK/FIR_Fliter/mult_98_I4 SUCCEEDED.
Info:  Pre-verification of Ref:/WORK/FIR_Fliter/mult_98_I5 SUCCEEDED.
Info:  Pre-verification of Ref:/WORK/FIR_Fliter/mult_98_I6 SUCCEEDED.
Info:  Pre-verification of Ref:/WORK/FIR_Fliter/mult_98_I7 SUCCEEDED.
Info:  Pre-verification of Ref:/WORK/FIR_Fliter/mult_98_I8 SUCCEEDED.
